<?xml version="1.0" encoding="UTF-8"?>
<testng-results ignored="0" total="1" passed="0" failed="1" skipped="0">
  <reporter-output>
  </reporter-output>
  <suite started-at="2024-05-18T15:36:46 IST" name="Default suite" finished-at="2024-05-18T15:39:44 IST" duration-ms="177797">
    <groups>
      <group name="cucumber">
        <method signature="AbstractTestNGCucumberTests.runScenario(io.cucumber.testng.PickleWrapper,io.cucumber.testng.FeatureWrapper)[pri:0, instance:runners.RunnerTest@4f6ee6e4]" name="runScenario" class="io.cucumber.testng.AbstractTestNGCucumberTests"/>
      </group> <!-- cucumber -->
    </groups>
    <test started-at="2024-05-18T15:36:46 IST" name="Default test" finished-at="2024-05-18T15:39:44 IST" duration-ms="177797">
      <class name="runners.RunnerTest">
        <test-method is-config="true" signature="setUpClass()[pri:0, instance:runners.RunnerTest@4f6ee6e4]" started-at="2024-05-18T15:36:46 IST" name="setUpClass" finished-at="2024-05-18T15:36:47 IST" duration-ms="352" status="PASS">
          <reporter-output>
          </reporter-output>
        </test-method> <!-- setUpClass -->
        <test-method signature="runScenario(io.cucumber.testng.PickleWrapper,io.cucumber.testng.FeatureWrapper)[pri:0, instance:runners.RunnerTest@4f6ee6e4]" started-at="2024-05-18T15:36:47 IST" name="runScenario" description="Runs Cucumber Scenarios" data-provider="scenarios" finished-at="2024-05-18T15:39:36 IST" duration-ms="169843" status="FAIL">
          <params>
            <param index="0">
              <value>
                <![CDATA["Advertiser Account Approval"]]>
              </value>
            </param>
            <param index="1">
              <value>
                <![CDATA["Optional[New Account Approval]"]]>
              </value>
            </param>
          </params>
          <exception class="org.openqa.selenium.NoSuchWindowException">
            <message>
              <![CDATA[no such window: target window already closed
from unknown error: web view not found
  (Session info: chrome=124.0.6367.209)
Build info: version: '3.141.59', revision: 'e82be7d358', time: '2018-11-14T08:17:03'
System info: host: 'Abhisheks-MacBook-Pro.local', ip: '2405:201:c03b:186e:c9f1:e7e0:257f:9d89%en0', os.name: 'Mac OS X', os.arch: 'aarch64', os.version: '14.4.1', java.version: '17.0.6'
Driver info: org.openqa.selenium.chrome.ChromeDriver
Capabilities {acceptInsecureCerts: false, browserName: chrome, browserVersion: 124.0.6367.209, chrome: {chromedriverVersion: 124.0.6367.207 (a9001a6e39f..., userDataDir: /var/folders/b2/f1f6_q9x5wj...}, fedcm:accounts: true, goog:chromeOptions: {debuggerAddress: localhost:49255}, javascriptEnabled: true, networkConnectionEnabled: false, pageLoadStrategy: normal, platform: MAC, platformName: MAC, proxy: Proxy(), setWindowRect: true, strictFileInteractability: false, timeouts: {implicit: 0, pageLoad: 300000, script: 30000}, unhandledPromptBehavior: dismiss and notify, webauthn:extension:credBlob: true, webauthn:extension:largeBlob: true, webauthn:extension:minPinLength: true, webauthn:extension:prf: true, webauthn:virtualAuthenticators: true}
Session ID: 0f8ce7c4a145105be9d4fd78443ada97]]>
            </message>
            <full-stacktrace>
              <![CDATA[org.openqa.selenium.NoSuchWindowException: no such window: target window already closed
from unknown error: web view not found
  (Session info: chrome=124.0.6367.209)
Build info: version: '3.141.59', revision: 'e82be7d358', time: '2018-11-14T08:17:03'
System info: host: 'Abhisheks-MacBook-Pro.local', ip: '2405:201:c03b:186e:c9f1:e7e0:257f:9d89%en0', os.name: 'Mac OS X', os.arch: 'aarch64', os.version: '14.4.1', java.version: '17.0.6'
Driver info: org.openqa.selenium.chrome.ChromeDriver
Capabilities {acceptInsecureCerts: false, browserName: chrome, browserVersion: 124.0.6367.209, chrome: {chromedriverVersion: 124.0.6367.207 (a9001a6e39f..., userDataDir: /var/folders/b2/f1f6_q9x5wj...}, fedcm:accounts: true, goog:chromeOptions: {debuggerAddress: localhost:49255}, javascriptEnabled: true, networkConnectionEnabled: false, pageLoadStrategy: normal, platform: MAC, platformName: MAC, proxy: Proxy(), setWindowRect: true, strictFileInteractability: false, timeouts: {implicit: 0, pageLoad: 300000, script: 30000}, unhandledPromptBehavior: dismiss and notify, webauthn:extension:credBlob: true, webauthn:extension:largeBlob: true, webauthn:extension:minPinLength: true, webauthn:extension:prf: true, webauthn:virtualAuthenticators: true}
Session ID: 0f8ce7c4a145105be9d4fd78443ada97
at jdk.internal.reflect.GeneratedConstructorAccessor22.newInstance(Unknown Source)
at java.base/jdk.internal.reflect.DelegatingConstructorAccessorImpl.newInstance(DelegatingConstructorAccessorImpl.java:45)
at java.base/java.lang.reflect.Constructor.newInstanceWithCaller(Constructor.java:499)
at java.base/java.lang.reflect.Constructor.newInstance(Constructor.java:480)
at org.openqa.selenium.remote.http.W3CHttpResponseCodec.createException(W3CHttpResponseCodec.java:187)
at org.openqa.selenium.remote.http.W3CHttpResponseCodec.decode(W3CHttpResponseCodec.java:122)
at org.openqa.selenium.remote.http.W3CHttpResponseCodec.decode(W3CHttpResponseCodec.java:49)
at org.openqa.selenium.remote.HttpCommandExecutor.execute(HttpCommandExecutor.java:158)
at org.openqa.selenium.remote.service.DriverCommandExecutor.execute(DriverCommandExecutor.java:83)
at org.openqa.selenium.remote.RemoteWebDriver.execute(RemoteWebDriver.java:552)
at org.openqa.selenium.remote.RemoteWebDriver.execute(RemoteWebDriver.java:609)
at org.openqa.selenium.remote.RemoteWebDriver.getScreenshotAs(RemoteWebDriver.java:295)
at utilities.GenericUtils.take_screenshot(GenericUtils.java:338)
at utilities.GenericUtils.toEnterTextValue(GenericUtils.java:86)
at stepDefs.AppGenericUtils.lambda$0(AppGenericUtils.java:616)
at java.base/java.util.LinkedHashMap.forEach(LinkedHashMap.java:721)
at stepDefs.AppGenericUtils.enter_values_updated(AppGenericUtils.java:608)
at stepDefs.AppGenericUtils.user_creates_new_account_for_record_type(AppGenericUtils.java:56)
at ✽.User creates new account for "Advertiser" Record type(file:///Users/abhishekch/Desktop/Automation%20Projects/Salesforce.Automation/src/test/resources/features/Approve_Account.feature:9)
]]>
            </full-stacktrace>
          </exception> <!-- org.openqa.selenium.NoSuchWindowException -->
          <reporter-output>
          </reporter-output>
        </test-method> <!-- runScenario -->
        <test-method is-config="true" signature="tearDownClass()[pri:0, instance:runners.RunnerTest@4f6ee6e4]" started-at="2024-05-18T15:39:36 IST" name="tearDownClass" finished-at="2024-05-18T15:39:44 IST" duration-ms="7585" status="PASS">
          <reporter-output>
          </reporter-output>
        </test-method> <!-- tearDownClass -->
      </class> <!-- runners.RunnerTest -->
    </test> <!-- Default test -->
  </suite> <!-- Default suite -->
</testng-results>
